<?xml version="1.0" encoding="UTF-8"?>
<!-- Generated by org.testng.reporters.JUnitXMLReporter -->
<testsuite ignored="0" hostname="LAPTOP-7KPE3BUK" failures="1" tests="1" name="Default test" time="5.893" errors="0" timestamp="27 Oct 2021 15:08:36 GMT">
  <testcase classname="io.cucumber.testng.AbstractTestNGCucumberTests" name="runScenario" time="3.987">
    <failure type="io.cucumber.datatable.UndefinedDataTableTypeException" message="Can&amp;apos;t convert DataTable to List&amp;lt;java.lang.String&amp;gt;.
Please review these problems:

 - There was a table cell transformer for java.lang.String but the table was too wide to use it.
   Please reduce the table width to use this converter.

 - There was no table entry or table row transformer registered for java.lang.String.
   Please consider registering a table entry or row transformer.

 - There was no default table entry transformer registered to transform java.lang.String.
   Please consider registering a default table entry transformer.

Note: Usually solving one is enough">
      <![CDATA[io.cucumber.datatable.UndefinedDataTableTypeException: Can't convert DataTable to List<java.lang.String>.
Please review these problems:

 - There was a table cell transformer for java.lang.String but the table was too wide to use it.
   Please reduce the table width to use this converter.

 - There was no table entry or table row transformer registered for java.lang.String.
   Please consider registering a table entry or row transformer.

 - There was no default table entry transformer registered to transform java.lang.String.
   Please consider registering a default table entry transformer.

Note: Usually solving one is enough
at io.cucumber.datatable.UndefinedDataTableTypeException.listNoConverterDefined(UndefinedDataTableTypeException.java:110)
at io.cucumber.datatable.DataTableTypeRegistryTableConverter.toList(DataTableTypeRegistryTableConverter.java:144)
at com.pie.grcelm.cucumber.stepDefs.DatatableSteps.dataTest(DatatableSteps.java:27)
at ✽.I have to navigate using data table(classpath:feature/datatable.feature:19)
]]>
    </failure>
  </testcase> <!-- runScenario -->
</testsuite> <!-- Default test -->
