<?xml version="1.0" encoding="UTF-8"?>
<testng-results ignored="0" total="1" passed="0" failed="1" skipped="0">
  <reporter-output>
  </reporter-output>
  <suite started-at="2021-10-27T15:08:31Z" name="Default suite" finished-at="2021-10-27T15:08:36Z" duration-ms="5893">
    <groups>
      <group name="cucumber">
        <method signature="AbstractTestNGCucumberTests.runScenario(io.cucumber.testng.PickleWrapper, io.cucumber.testng.FeatureWrapper)[pri:0, instance:com.pie.grcelm.cucumber.testRunner.UITestRunner@76f2bbc1]" name="runScenario" class="io.cucumber.testng.AbstractTestNGCucumberTests"/>
      </group> <!-- cucumber -->
    </groups>
    <test started-at="2021-10-27T15:08:31Z" name="Default test" finished-at="2021-10-27T15:08:36Z" duration-ms="5893">
      <class name="com.pie.grcelm.cucumber.testRunner.UITestRunner">
        <test-method is-config="true" signature="setUpClass()[pri:0, instance:com.pie.grcelm.cucumber.testRunner.UITestRunner@76f2bbc1]" started-at="2021-10-27T15:08:31Z" name="setUpClass" finished-at="2021-10-27T15:08:32Z" duration-ms="1046" status="PASS">
          <reporter-output>
          </reporter-output>
        </test-method> <!-- setUpClass -->
        <test-method signature="runScenario(io.cucumber.testng.PickleWrapper, io.cucumber.testng.FeatureWrapper)[pri:0, instance:com.pie.grcelm.cucumber.testRunner.UITestRunner@76f2bbc1]" started-at="2021-10-27T15:08:32Z" name="runScenario" description="Runs Cucumber Scenarios" data-provider="scenarios" finished-at="2021-10-27T15:08:36Z" duration-ms="3987" status="FAIL">
          <params>
            <param index="0">
              <value>
                <![CDATA["data table"]]>
              </value>
            </param>
            <param index="1">
              <value>
                <![CDATA["Optional[Data table]"]]>
              </value>
            </param>
          </params>
          <exception class="io.cucumber.datatable.UndefinedDataTableTypeException">
            <message>
              <![CDATA[Can't convert DataTable to List<java.lang.String>.
Please review these problems:

 - There was a table cell transformer for java.lang.String but the table was too wide to use it.
   Please reduce the table width to use this converter.

 - There was no table entry or table row transformer registered for java.lang.String.
   Please consider registering a table entry or row transformer.

 - There was no default table entry transformer registered to transform java.lang.String.
   Please consider registering a default table entry transformer.

Note: Usually solving one is enough]]>
            </message>
            <full-stacktrace>
              <![CDATA[io.cucumber.datatable.UndefinedDataTableTypeException: Can't convert DataTable to List<java.lang.String>.
Please review these problems:

 - There was a table cell transformer for java.lang.String but the table was too wide to use it.
   Please reduce the table width to use this converter.

 - There was no table entry or table row transformer registered for java.lang.String.
   Please consider registering a table entry or row transformer.

 - There was no default table entry transformer registered to transform java.lang.String.
   Please consider registering a default table entry transformer.

Note: Usually solving one is enough
at io.cucumber.datatable.UndefinedDataTableTypeException.listNoConverterDefined(UndefinedDataTableTypeException.java:110)
at io.cucumber.datatable.DataTableTypeRegistryTableConverter.toList(DataTableTypeRegistryTableConverter.java:144)
at com.pie.grcelm.cucumber.stepDefs.DatatableSteps.dataTest(DatatableSteps.java:27)
at ✽.I have to navigate using data table(classpath:feature/datatable.feature:19)
]]>
            </full-stacktrace>
          </exception> <!-- io.cucumber.datatable.UndefinedDataTableTypeException -->
          <reporter-output>
          </reporter-output>
        </test-method> <!-- runScenario -->
        <test-method is-config="true" signature="tearDownClass()[pri:0, instance:com.pie.grcelm.cucumber.testRunner.UITestRunner@76f2bbc1]" started-at="2021-10-27T15:08:36Z" name="tearDownClass" finished-at="2021-10-27T15:08:36Z" duration-ms="821" status="PASS">
          <reporter-output>
          </reporter-output>
        </test-method> <!-- tearDownClass -->
      </class> <!-- com.pie.grcelm.cucumber.testRunner.UITestRunner -->
    </test> <!-- Default test -->
  </suite> <!-- Default suite -->
</testng-results>
