<?xml version="1.0" encoding="UTF-8"?>
<!-- Generated by org.testng.reporters.JUnitReportReporter -->
<testsuite hostname="LAPTOP-7KPE3BUK" failures="0" tests="1" name="com.pie.grcelm.cucumber.testRunner.UITestRunner" time="3.987" errors="1" timestamp="27 Oct 2021 15:08:37 GMT" skipped="0">
  <testcase classname="com.pie.grcelm.cucumber.testRunner.UITestRunner" name="runScenario" time="3.987">
    <error message="Can&#039;t convert DataTable to List&lt;java.lang.String&gt;.
Please review these problems:

 - There was a table cell transformer for java.lang.String but the table was too wide to use it.
   Please reduce the table width to use this converter.

 - There was no table entry or table row transformer registered for java.lang.String.
   Please consider registering a table entry or row transformer.

 - There was no default table entry transformer registered to transform java.lang.String.
   Please consider registering a default table entry transformer.

Note: Usually solving one is enough" type="io.cucumber.datatable.UndefinedDataTableTypeException">
      <![CDATA[io.cucumber.datatable.UndefinedDataTableTypeException: Can't convert DataTable to List<java.lang.String>.
Please review these problems:

 - There was a table cell transformer for java.lang.String but the table was too wide to use it.
   Please reduce the table width to use this converter.

 - There was no table entry or table row transformer registered for java.lang.String.
   Please consider registering a table entry or row transformer.

 - There was no default table entry transformer registered to transform java.lang.String.
   Please consider registering a default table entry transformer.

Note: Usually solving one is enough
at io.cucumber.datatable.UndefinedDataTableTypeException.listNoConverterDefined(UndefinedDataTableTypeException.java:110)
at io.cucumber.datatable.DataTableTypeRegistryTableConverter.toList(DataTableTypeRegistryTableConverter.java:144)
at com.pie.grcelm.cucumber.stepDefs.DatatableSteps.dataTest(DatatableSteps.java:27)
at ✽.I have to navigate using data table(classpath:feature/datatable.feature:19)
]]>
    </error>
  </testcase> <!-- runScenario -->
</testsuite> <!-- com.pie.grcelm.cucumber.testRunner.UITestRunner -->
